2022-03-14T01:13:24.391-0500 INFO Starting SpringBootDeliciousFoodApplication using Java 1.8.0_301 on DESKTOP-TRMCR9U with PID 14204 (C:\Users\MOISES\workspace\spring-boot-delicious-food\target\classes started by MOISES in C:\Users\MOISES\workspace\spring-boot-delicious-food)
2022-03-14T01:13:24.404-0500 INFO No active profile set, falling back to default profiles: default
2022-03-14T01:13:31.408-0500 INFO Started SpringBootDeliciousFoodApplication in 7.828 seconds (JVM running for 9.224)
2022-03-14T01:18:58.789-0500 INFO Starting SpringBootDeliciousFoodApplication using Java 1.8.0_301 on DESKTOP-TRMCR9U with PID 5256 (C:\Users\MOISES\workspace\spring-boot-delicious-food\target\classes started by MOISES in C:\Users\MOISES\workspace\spring-boot-delicious-food)
2022-03-14T01:18:58.802-0500 INFO No active profile set, falling back to default profiles: default
2022-03-14T01:19:03.931-0500 INFO Started SpringBootDeliciousFoodApplication in 5.99 seconds (JVM running for 7.337)
2022-03-14T01:27:58.503-0500 INFO Starting SpringBootDeliciousFoodApplication using Java 1.8.0_301 on DESKTOP-TRMCR9U with PID 12672 (C:\Users\MOISES\workspace\spring-boot-delicious-food\target\classes started by MOISES in C:\Users\MOISES\workspace\spring-boot-delicious-food)
2022-03-14T01:27:58.516-0500 INFO No active profile set, falling back to default profiles: default
2022-03-14T01:28:03.722-0500 INFO Started SpringBootDeliciousFoodApplication in 5.762 seconds (JVM running for 7.19)
2022-03-14T01:29:47.972-0500 INFO Starting SpringBootDeliciousFoodApplication using Java 1.8.0_301 on DESKTOP-TRMCR9U with PID 2848 (C:\Users\MOISES\workspace\spring-boot-delicious-food\target\classes started by MOISES in C:\Users\MOISES\workspace\spring-boot-delicious-food)
2022-03-14T01:29:47.985-0500 INFO No active profile set, falling back to default profiles: default
2022-03-14T01:29:53.087-0500 INFO Started SpringBootDeliciousFoodApplication in 5.86 seconds (JVM running for 7.109)
2022-03-14T01:45:03.276-0500 INFO Starting SpringBootDeliciousFoodApplication using Java 1.8.0_301 on DESKTOP-TRMCR9U with PID 7212 (C:\Users\MOISES\workspace\spring-boot-delicious-food\target\classes started by MOISES in C:\Users\MOISES\workspace\spring-boot-delicious-food)
2022-03-14T01:45:03.288-0500 INFO No active profile set, falling back to default profiles: default
2022-03-14T01:45:09.383-0500 INFO Started SpringBootDeliciousFoodApplication in 6.889 seconds (JVM running for 8.242)
2022-03-14T01:45:18.282-0500 INFO Restaurant information was found.
2022-03-14T02:01:29.257-0500 INFO Starting SpringBootDeliciousFoodApplication using Java 1.8.0_301 on DESKTOP-TRMCR9U with PID 9164 (C:\Users\MOISES\workspace\spring-boot-delicious-food\target\classes started by MOISES in C:\Users\MOISES\workspace\spring-boot-delicious-food)
2022-03-14T02:01:29.268-0500 INFO No active profile set, falling back to default profiles: default
2022-03-14T02:01:36.909-0500 INFO Started SpringBootDeliciousFoodApplication in 8.697 seconds (JVM running for 10.791)
2022-03-14T02:02:28.943-0500 INFO User information was found.
2022-03-14T02:05:30.712-0500 INFO Starting SpringBootDeliciousFoodApplication using Java 1.8.0_301 on DESKTOP-TRMCR9U with PID 7416 (C:\Users\MOISES\workspace\spring-boot-delicious-food\target\classes started by MOISES in C:\Users\MOISES\workspace\spring-boot-delicious-food)
2022-03-14T02:05:30.732-0500 INFO No active profile set, falling back to default profiles: default
2022-03-14T02:05:37.098-0500 INFO Started SpringBootDeliciousFoodApplication in 7.249 seconds (JVM running for 8.913)
2022-03-14T02:07:28.902-0500 INFO Starting SpringBootDeliciousFoodApplication using Java 1.8.0_301 on DESKTOP-TRMCR9U with PID 1716 (C:\Users\MOISES\workspace\spring-boot-delicious-food\target\classes started by MOISES in C:\Users\MOISES\workspace\spring-boot-delicious-food)
2022-03-14T02:07:28.914-0500 INFO No active profile set, falling back to default profiles: default
2022-03-14T02:07:34.640-0500 INFO Started SpringBootDeliciousFoodApplication in 6.516 seconds (JVM running for 7.749)
2022-03-14T02:08:06.547-0500 INFO Starting SpringBootDeliciousFoodApplication using Java 1.8.0_301 on DESKTOP-TRMCR9U with PID 8348 (C:\Users\MOISES\workspace\spring-boot-delicious-food\target\classes started by MOISES in C:\Users\MOISES\workspace\spring-boot-delicious-food)
2022-03-14T02:08:06.558-0500 INFO No active profile set, falling back to default profiles: default
2022-03-14T02:08:11.725-0500 INFO Started SpringBootDeliciousFoodApplication in 5.933 seconds (JVM running for 7.186)
2022-03-14T02:39:19.712-0500 INFO Starting SpringBootDeliciousFoodApplication using Java 1.8.0_301 on DESKTOP-TRMCR9U with PID 7876 (C:\Users\MOISES\workspace\spring-boot-delicious-food\target\classes started by MOISES in C:\Users\MOISES\workspace\spring-boot-delicious-food)
2022-03-14T02:39:19.724-0500 INFO No active profile set, falling back to default profiles: default
2022-03-14T02:39:25.633-0500 INFO Started SpringBootDeliciousFoodApplication in 6.799 seconds (JVM running for 8.197)
2022-03-14T02:41:05.690-0500 INFO Starting SpringBootDeliciousFoodApplication using Java 1.8.0_301 on DESKTOP-TRMCR9U with PID 2336 (C:\Users\MOISES\workspace\spring-boot-delicious-food\target\classes started by MOISES in C:\Users\MOISES\workspace\spring-boot-delicious-food)
2022-03-14T02:41:05.703-0500 INFO No active profile set, falling back to default profiles: default
2022-03-14T02:41:11.634-0500 INFO Started SpringBootDeliciousFoodApplication in 6.658 seconds (JVM running for 8.013)
2022-03-14T02:42:40.290-0500 INFO Starting SpringBootDeliciousFoodApplication using Java 1.8.0_301 on DESKTOP-TRMCR9U with PID 16640 (C:\Users\MOISES\workspace\spring-boot-delicious-food\target\classes started by MOISES in C:\Users\MOISES\workspace\spring-boot-delicious-food)
2022-03-14T02:42:40.302-0500 INFO No active profile set, falling back to default profiles: default
2022-03-14T02:42:45.480-0500 INFO Started SpringBootDeliciousFoodApplication in 5.939 seconds (JVM running for 7.321)
2022-03-14T02:43:53.648-0500 INFO Starting SpringBootDeliciousFoodApplication using Java 1.8.0_301 on DESKTOP-TRMCR9U with PID 6240 (C:\Users\MOISES\workspace\spring-boot-delicious-food\target\classes started by MOISES in C:\Users\MOISES\workspace\spring-boot-delicious-food)
2022-03-14T02:43:53.659-0500 INFO No active profile set, falling back to default profiles: default
2022-03-14T02:43:59.955-0500 INFO Started SpringBootDeliciousFoodApplication in 7.028 seconds (JVM running for 8.469)
2022-03-14T02:44:32.927-0500 INFO Starting SpringBootDeliciousFoodApplication using Java 1.8.0_301 on DESKTOP-TRMCR9U with PID 2680 (C:\Users\MOISES\workspace\spring-boot-delicious-food\target\classes started by MOISES in C:\Users\MOISES\workspace\spring-boot-delicious-food)
2022-03-14T02:44:32.938-0500 INFO No active profile set, falling back to default profiles: default
2022-03-14T02:44:38.029-0500 INFO Started SpringBootDeliciousFoodApplication in 5.81 seconds (JVM running for 7.079)
2022-03-14T02:45:18.678-0500 INFO Starting SpringBootDeliciousFoodApplication using Java 1.8.0_301 on DESKTOP-TRMCR9U with PID 16480 (C:\Users\MOISES\workspace\spring-boot-delicious-food\target\classes started by MOISES in C:\Users\MOISES\workspace\spring-boot-delicious-food)
2022-03-14T02:45:18.691-0500 INFO No active profile set, falling back to default profiles: default
2022-03-14T02:45:25.711-0500 INFO Started SpringBootDeliciousFoodApplication in 7.902 seconds (JVM running for 9.485)
2022-03-14T02:48:09.120-0500 INFO Starting SpringBootDeliciousFoodApplication using Java 1.8.0_301 on DESKTOP-TRMCR9U with PID 15972 (C:\Users\MOISES\workspace\spring-boot-delicious-food\target\classes started by MOISES in C:\Users\MOISES\workspace\spring-boot-delicious-food)
2022-03-14T02:48:09.132-0500 INFO No active profile set, falling back to default profiles: default
2022-03-14T02:48:14.531-0500 INFO Started SpringBootDeliciousFoodApplication in 6.098 seconds (JVM running for 7.372)
2022-03-14T02:53:22.164-0500 INFO Starting SpringBootDeliciousFoodApplication using Java 1.8.0_301 on DESKTOP-TRMCR9U with PID 16296 (C:\Users\MOISES\workspace\spring-boot-delicious-food\target\classes started by MOISES in C:\Users\MOISES\workspace\spring-boot-delicious-food)
2022-03-14T02:53:22.174-0500 INFO No active profile set, falling back to default profiles: default
2022-03-14T02:53:27.267-0500 INFO Started SpringBootDeliciousFoodApplication in 5.866 seconds (JVM running for 7.185)
2022-03-14T02:53:43.807-0500 INFO User information was found.
2022-03-14T02:53:45.934-0500 INFO Restaurant information was found.
2022-03-14T02:53:46.800-0500 INFO Restaurant information was found.
